<?xml version="1.0" encoding="utf-8"?>
<testsuites>
  <testsuite name="Flavor Text Extended alone on Flavor Text" tests="5" failures="0" skipped="0" flakes="0" time="2.099">
    <testcase name="both mods are loaded, in the order that matters" classname="Flavor Text Extended alone on Flavor Text" time="0.292">
      <system-out>Attachment: smoke-attachment -&gt; smoke test attachment content
</system-out>
    </testcase>
    <testcase name="no ingredient provider is present, so this really is the bare pass" classname="Flavor Text Extended alone on Flavor Text" time="0.247">
      <system-out>Attachment: smoke-attachment -&gt; smoke test attachment content
</system-out>
    </testcase>
    <testcase name="the new categories and a sample of dishes are defined by this mod" classname="Flavor Text Extended alone on Flavor Text" time="0.608">
      <system-out>Attachment: smoke-attachment -&gt; smoke test attachment content
</system-out>
    </testcase>
    <testcase name="the unguarded keyword patches landed on Flavor Text's categories" classname="Flavor Text Extended alone on Flavor Text" time="0.789">
      <system-out>Attachment: smoke-attachment -&gt; smoke test attachment content
</system-out>
    </testcase>
    <testcase name="it loads without its optional mods and says nothing" classname="Flavor Text Extended alone on Flavor Text" time="0.163">
      <system-out>Attachment: smoke-attachment -&gt; smoke test attachment content
</system-out>
    </testcase>
  </testsuite>
</testsuites>